n.convolution; d.Gy; dd.Gy; f
0; 0.000000e+00; 0.000000e+00; 9.989351e-01
0; 1.035265e-10; 7.177346e-12; 1.373386e+00
0; 1.109569e-10; 7.692489e-12; 1.306860e-01
0; 1.189207e-10; 8.244606e-12; 1.343725e-01
0; 1.274561e-10; 8.836350e-12; 1.381634e-01
0; 1.366040e-10; 9.470565e-12; 1.420616e-01
0; 1.464086e-10; 1.015030e-11; 1.460702e-01
0; 1.569168e-10; 1.087882e-11; 1.501923e-01
0; 1.681793e-10; 1.165963e-11; 1.544310e-01
0; 1.802501e-10; 1.249649e-11; 1.587899e-01
0; 1.931873e-10; 1.339340e-11; -1.364770e+00
0; 2.070530e-10; 1.435469e-11; 2.536037e-02
0; 2.219139e-10; 1.538498e-11; 2.639184e-02
0; 2.378414e-10; 1.648921e-11; 2.746566e-02
0; 2.549121e-10; 1.767270e-11; 2.858353e-02
0; 2.732081e-10; 1.894113e-11; 2.974741e-02
0; 2.928171e-10; 2.030060e-11; 3.095909e-02
0; 3.138336e-10; 2.175765e-11; 3.222062e-02
0; 3.363586e-10; 2.331927e-11; 3.353417e-02
0; 3.605002e-10; 2.499297e-11; 3.490169e-02
0; 3.863745e-10; 2.678680e-11; 3.632565e-02
0; 4.141060e-10; 2.870939e-11; 3.780831e-02
0; 4.438278e-10; 3.076996e-11; 3.935213e-02
0; 4.756829e-10; 3.297842e-11; 4.095969e-02
0; 5.098243e-10; 3.534540e-11; 4.263366e-02
0; 5.464161e-10; 3.788226e-11; 4.437680e-02
0; 5.856343e-10; 4.060120e-11; 4.619205e-02
0; 6.276673e-10; 4.351529e-11; 4.808242e-02
0; 6.727171e-10; 4.663853e-11; 5.005108e-02
0; 7.210004e-10; 4.998594e-11; 5.210132e-02
0; 7.727491e-10; 5.357361e-11; 5.423657e-02
0; 8.282120e-10; 5.741877e-11; 5.646042e-02
0; 8.876556e-10; 6.153991e-11; 5.877664e-02
0; 9.513657e-10; 6.595685e-11; 6.118907e-02
0; 1.019649e-09; 7.069080e-11; 6.370185e-02
0; 1.092832e-09; 7.576452e-11; 6.631919e-02
0; 1.171269e-09; 8.120240e-11; 6.904552e-02
0; 1.255335e-09; 8.703058e-11; -1.584903e-01
0; 1.345434e-09; 9.327707e-11; 5.279181e-02
0; 1.442001e-09; 9.997189e-11; 5.528686e-02
0; 1.545498e-09; 1.071472e-10; 5.790105e-02
0; 1.656424e-09; 1.148375e-10; 6.064014e-02
0; 1.775311e-09; 1.230798e-10; 6.351017e-02
0; 1.902731e-09; 1.319137e-10; 6.651745e-02
0; 2.039297e-09; 1.413816e-10; 6.966863e-02
0; 2.185664e-09; 1.515290e-10; 7.297065e-02
0; 2.342537e-09; 1.624048e-10; 7.643082e-02
0; 2.510669e-09; 1.740612e-10; 8.005680e-02
0; 2.690869e-09; 1.865541e-10; 8.385660e-02
0; 2.884002e-09; 1.999438e-10; 8.783866e-02
0; 3.090996e-09; 2.142944e-10; 9.201180e-02
0; 3.312848e-09; 2.296751e-10; 9.638529e-02
0; 3.550622e-09; 2.461597e-10; 1.009688e-01
0; 3.805463e-09; 2.638274e-10; 1.057726e-01
0; 4.078594e-09; 2.827632e-10; 1.108074e-01
0; 4.371329e-09; 3.030581e-10; 1.160843e-01
0; 4.685074e-09; 3.248096e-10; 1.216151e-01
0; 5.021338e-09; 3.481223e-10; 1.274121e-01
0; 5.381737e-09; 3.731083e-10; 1.334883e-01
0; 5.768003e-09; 3.998875e-10; 1.398573e-01
0; 6.181993e-09; 4.285889e-10; 1.955113e-01
0; 6.625696e-09; 4.593502e-10; 1.587803e-01
0; 7.101245e-09; 4.923193e-10; 1.662930e-01
0; 7.610926e-09; 5.276548e-10; 1.741612e-01
0; 8.157188e-09; 5.655264e-10; 1.824017e-01
0; 8.742658e-09; 6.061162e-10; 1.910322e-01
0; 9.370149e-09; 6.496192e-10; 2.000710e-01
0; 1.004268e-08; 6.962447e-10; 2.095375e-01
0; 1.076347e-08; 7.462165e-10; 2.194519e-01
0; 1.153601e-08; 7.997751e-10; 2.298355e-01
0; 1.236399e-08; 8.571777e-10; 2.407103e-01
0; 1.325139e-08; 9.187003e-10; 2.520998e-01
0; 1.420249e-08; 9.846386e-10; 2.640281e-01
0; 1.522185e-08; 1.055310e-09; 2.765208e-01
0; 1.631438e-08; 1.131053e-09; 2.896047e-01
0; 1.748532e-08; 1.212232e-09; 3.033076e-01
0; 1.874030e-08; 1.299238e-09; 3.176588e-01
0; 2.008535e-08; 1.392489e-09; 3.326891e-01
0; 2.152695e-08; 1.492433e-09; 3.484305e-01
0; 2.307201e-08; 1.599550e-09; 3.649166e-01
0; 2.472797e-08; 1.714355e-09; 3.821828e-01
0; 2.650278e-08; 1.837401e-09; 4.002658e-01
0; 2.840498e-08; 1.969277e-09; 4.192043e-01
0; 3.044370e-08; 2.110619e-09; 4.390388e-01
0; 3.262875e-08; 2.262106e-09; 4.598116e-01
0; 3.497063e-08; 2.424465e-09; 4.815670e-01
0; 3.748059e-08; 2.598477e-09; 5.043516e-01
0; 4.017071e-08; 2.784979e-09; 5.282139e-01
0; 4.305390e-08; 2.984866e-09; 5.532049e-01
0; 4.614402e-08; 3.199100e-09; 5.793779e-01
0; 4.945594e-08; 3.428711e-09; 6.067887e-01
0; 5.300556e-08; 3.674801e-09; 6.354959e-01
0; 5.680996e-08; 3.938555e-09; 6.655605e-01
0; 6.088741e-08; 4.221238e-09; 6.970468e-01
0; 6.525750e-08; 4.524211e-09; 7.300216e-01
0; 6.994126e-08; 4.848929e-09; 7.645554e-01
0; 7.496119e-08; 5.196954e-09; 8.007216e-01
0; 8.034141e-08; 5.569957e-09; 8.385971e-01
0; 8.610779e-08; 5.969732e-09; 8.782625e-01
0; 9.228805e-08; 6.398201e-09; 9.198021e-01
0; 9.891188e-08; 6.857422e-09; 9.633040e-01
0; 1.060111e-07; 7.349603e-09; 1.008861e+00
0; 1.136199e-07; 7.877109e-09; 1.056568e+00
0; 1.217748e-07; 8.442476e-09; 1.106528e+00
0; 1.305150e-07; 9.048422e-09; 1.158846e+00
0; 1.398825e-07; 9.697859e-09; 1.213632e+00
0; 1.499224e-07; 1.039391e-08; 1.271002e+00
0; 1.606828e-07; 1.113991e-08; 1.331077e+00
0; 1.722156e-07; 1.193946e-08; 1.393982e+00
0; 1.845761e-07; 1.279640e-08; 1.459850e+00
0; 1.978238e-07; 1.371484e-08; 1.528819e+00
0; 2.120223e-07; 1.469921e-08; 1.601032e+00
0; 2.272398e-07; 1.575422e-08; 1.676639e+00
0; 2.435496e-07; 1.688495e-08; 1.755798e+00
0; 2.610300e-07; 1.809684e-08; 1.839461e+00
0; 2.797650e-07; 1.939572e-08; 1.924692e+00
0; 2.998448e-07; 2.078782e-08; 2.016249e+00
0; 3.213657e-07; 2.227983e-08; 2.111316e+00
0; 3.444312e-07; 2.387893e-08; 2.210823e+00
0; 3.691522e-07; 2.559280e-08; 2.314968e+00
0; 3.956475e-07; 2.742969e-08; 2.423960e+00
0; 4.240445e-07; 2.939841e-08; 2.538012e+00
0; 4.544797e-07; 3.150844e-08; 2.657349e+00
0; 4.870992e-07; 3.376991e-08; 2.782200e+00
0; 5.220600e-07; 3.619369e-08; 2.912803e+00
0; 5.595301e-07; 3.879144e-08; 3.049403e+00
0; 5.996895e-07; 4.157563e-08; 3.192252e+00
0; 6.427313e-07; 4.455966e-08; 3.341608e+00
0; 6.888624e-07; 4.775786e-08; 3.497736e+00
0; 7.383044e-07; 5.118561e-08; 3.660905e+00
0; 7.912951e-07; 5.485937e-08; 3.831387e+00
0; 8.480890e-07; 5.879682e-08; 4.009459e+00
0; 9.089593e-07; 6.301687e-08; 4.195397e+00
0; 9.741985e-07; 6.753981e-08; 4.389477e+00
0; 1.044120e-06; 7.238738e-08; 4.591972e+00
0; 1.119060e-06; 7.758287e-08; 4.803147e+00
0; 1.199379e-06; 8.315126e-08; 5.023260e+00
0; 1.285463e-06; 8.911932e-08; 5.252554e+00
0; 1.377725e-06; 9.551572e-08; 5.491255e+00
0; 1.476609e-06; 1.023712e-07; 5.739564e+00
0; 1.582590e-06; 1.097187e-07; 5.997651e+00
0; 1.696178e-06; 1.175936e-07; 6.265651e+00
0; 1.817919e-06; 1.260337e-07; 6.543651e+00
0; 1.948397e-06; 1.350796e-07; 6.831680e+00
0; 2.088240e-06; 1.447748e-07; 7.129704e+00
0; 2.238120e-06; 1.551657e-07; 7.437604e+00
0; 2.398758e-06; 1.663025e-07; 7.755170e+00
0; 2.570925e-06; 1.782386e-07; 8.082079e+00
0; 2.755449e-06; 1.910314e-07; 8.417882e+00
0; 2.953218e-06; 2.047424e-07; 8.761982e+00
0; 3.165180e-06; 2.194375e-07; 9.113616e+00
0; 3.392356e-06; 2.351873e-07; 9.471831e+00
0; 3.635837e-06; 2.520675e-07; 9.835464e+00
0; 3.896794e-06; 2.701592e-07; 1.020312e+01
0; 4.176480e-06; 2.895495e-07; 1.057314e+01
0; 4.476241e-06; 3.103315e-07; 1.094361e+01
0; 4.797516e-06; 3.326050e-07; 1.131231e+01
0; 5.141850e-06; 3.564773e-07; 1.167672e+01
0; 5.510899e-06; 3.820629e-07; 1.203403e+01
0; 5.906435e-06; 4.094848e-07; 1.238101e+01
0; 6.330360e-06; 4.388750e-07; 1.271434e+01
0; 6.784712e-06; 4.703746e-07; 1.303026e+01
0; 7.271675e-06; 5.041350e-07; 1.332485e+01
0; 7.793588e-06; 5.403185e-07; 1.359399e+01
0; 8.352961e-06; 5.790990e-07; 1.383346e+01
0; 8.952482e-06; 6.206630e-07; 1.403903e+01
0; 9.595032e-06; 6.652101e-07; 1.420657e+01
0; 1.028370e-05; 7.129545e-07; 1.433214e+01
0; 1.102180e-05; 7.641257e-07; 1.441214e+01
0; 1.181287e-05; 8.189697e-07; 1.444345e+01
0; 1.266072e-05; 8.777500e-07; 1.442354e+01
0; 1.356942e-05; 9.407491e-07; 1.435061e+01
0; 1.454335e-05; 1.008270e-06; 1.422365e+01
0; 1.558718e-05; 1.080637e-06; 1.404258e+01
0; 1.670592e-05; 1.158198e-06; 1.380825e+01
0; 1.790496e-05; 1.241326e-06; 1.352245e+01
0; 1.919006e-05; 1.330420e-06; 1.318791e+01
0; 2.056740e-05; 1.425909e-06; 1.280820e+01
0; 2.204360e-05; 1.528251e-06; 1.238765e+01
0; 2.362574e-05; 1.637939e-06; 1.193123e+01
0; 2.532144e-05; 1.755500e-06; 1.144435e+01
0; 2.713885e-05; 1.881498e-06; 1.093277e+01
0; 2.908670e-05; 2.016540e-06; 1.040237e+01
0; 3.117435e-05; 2.161274e-06; 9.859049e+00
0; 3.341184e-05; 2.316396e-06; 9.308510e+00
0; 3.580993e-05; 2.482652e-06; 8.756190e+00
0; 3.838013e-05; 2.660840e-06; 8.207127e+00
0; 4.113480e-05; 2.851818e-06; 7.665876e+00
0; 4.408719e-05; 3.056503e-06; 7.136470e+00
0; 4.725148e-05; 3.275879e-06; 6.622369e+00
0; 5.064288e-05; 3.511000e-06; 6.126472e+00
0; 5.427770e-05; 3.762997e-06; 5.651082e+00
0; 5.817340e-05; 4.033080e-06; 5.197992e+00
0; 6.234870e-05; 4.322548e-06; 4.768471e+00
0; 6.682369e-05; 4.632792e-06; 4.363328e+00
0; 7.161985e-05; 4.965304e-06; 3.982962e+00
0; 7.676026e-05; 5.321681e-06; 3.627409e+00
0; 8.226961e-05; 5.703636e-06; 3.296396e+00
0; 8.817438e-05; 6.113006e-06; 2.989397e+00
0; 9.450296e-05; 6.551758e-06; 2.705675e+00
0; 1.012858e-04; 7.022000e-06; 2.444330e+00
0; 1.085554e-04; 7.525993e-06; 2.204340e+00
0; 1.163468e-04; 8.066160e-06; 1.984598e+00
0; 1.246974e-04; 8.645096e-06; 1.783936e+00
0; 1.336474e-04; 9.265584e-06; 1.601162e+00
0; 1.432397e-04; 9.930607e-06; 1.435076e+00
0; 1.535205e-04; 1.064336e-05; 1.284489e+00
0; 1.645392e-04; 1.140727e-05; 1.148240e+00
0; 1.763488e-04; 1.222601e-05; 1.025203e+00
0; 1.890059e-04; 1.310352e-05; 9.143032e-01
0; 2.025715e-04; 1.404400e-05; 8.145145e-01
0; 2.171108e-04; 1.505199e-05; 7.248699e-01
0; 2.326936e-04; 1.613232e-05; 6.444613e-01
0; 2.493948e-04; 1.729019e-05; 5.724411e-01
0; 2.672947e-04; 1.853117e-05; 5.080217e-01
0; 2.864794e-04; 1.986121e-05; 4.504747e-01
0; 3.070410e-04; 2.128672e-05; 3.991289e-01
0; 3.290784e-04; 2.281454e-05; 3.533684e-01
0; 3.526975e-04; 2.445202e-05; 3.126297e-01
0; 3.780118e-04; 2.620703e-05; 2.763986e-01
0; 4.051431e-04; 2.808800e-05; 2.442077e-01
0; 4.342216e-04; 3.010397e-05; 2.156320e-01
0; 4.653872e-04; 3.226464e-05; 1.902876e-01
0; 4.987896e-04; 3.458038e-05; 1.678282e-01
0; 5.345895e-04; 3.706234e-05; 1.479401e-01
0; 5.729588e-04; 3.972243e-05; 1.303422e-01
0; 6.140821e-04; 4.257345e-05; 1.147817e-01
0; 6.581569e-04; 4.562909e-05; 1.010319e-01
0; 7.053950e-04; 4.890405e-05; 8.888969e-02
0; 7.560237e-04; 5.241406e-05; 7.817362e-02
0; 8.102861e-04; 5.617600e-05; 6.872162e-02
0; 8.684432e-04; 6.020795e-05; 6.038909e-02
0; 9.307743e-04; 6.452928e-05; 5.304727e-02
0; 9.975792e-04; 6.916077e-05; 4.658157e-02
0; 1.069179e-03; 7.412468e-05; 4.089011e-02
0; 1.145918e-03; 7.944486e-05; 3.588244e-02
0; 1.228164e-03; 8.514689e-05; 3.147830e-02
0; 1.316314e-03; 9.125818e-05; 2.760653e-02
0; 1.410790e-03; 9.780810e-05; 2.420411e-02
0; 1.512047e-03; 1.048281e-04; 2.121526e-02
0; 1.620572e-03; 1.123520e-04; 1.859064e-02
0; 1.736886e-03; 1.204159e-04; 1.628666e-02
0; 1.861549e-03; 1.290586e-04; 1.426481e-02
0; 1.995158e-03; 1.383215e-04; 1.249109e-02
0; 2.138358e-03; 1.482494e-04; 1.093551e-02
0; 2.291835e-03; 1.588897e-04; 9.571633e-03
0; 2.456328e-03; 1.702938e-04; 8.376162e-03
0; 2.632627e-03; 1.825164e-04; 7.328577e-03
0; 2.821580e-03; 1.956162e-04; 6.410815e-03
0; 3.024095e-03; 2.096562e-04; 5.606981e-03
0; 3.241145e-03; 2.247040e-04; 4.903094e-03
0; 3.473773e-03; 2.408318e-04; 4.286863e-03
0; 3.723097e-03; 2.581171e-04; 3.747486e-03
0; 3.990317e-03; 2.766431e-04; 3.275475e-03
0; 4.276716e-03; 2.964987e-04; 2.862496e-03
0; 4.583671e-03; 3.177794e-04; 2.501234e-03
0; 4.912656e-03; 3.405876e-04; 2.185269e-03
0; 5.265255e-03; 3.650327e-04; 1.908969e-03
0; 5.643160e-03; 3.912324e-04; 1.667396e-03
0; 6.048190e-03; 4.193125e-04; 1.456217e-03
0; 6.482289e-03; 4.494080e-04; 1.271637e-03
0; 6.947545e-03; 4.816636e-04; 1.110329e-03
0; 7.446195e-03; 5.162342e-04; 9.693800e-04
0; 7.980634e-03; 5.532861e-04; 8.462359e-04
0; 8.553432e-03; 5.929974e-04; 7.386620e-04
0; 9.167341e-03; 6.355589e-04; 6.447014e-04
0; 9.825313e-03; 6.811751e-04; 5.626410e-04
0; 1.053051e-02; 7.300654e-04; 4.909821e-04
0; 1.128632e-02; 7.824648e-04; 4.284133e-04
0; 1.209638e-02; 8.386250e-04; 3.737873e-04
0; 1.296458e-02; 8.988160e-04; 3.261007e-04
0; 1.389509e-02; 9.633271e-04; 2.844762e-04
0; 1.489239e-02; 1.032468e-03; 2.481466e-04
0; 1.596127e-02; 1.106572e-03; 2.164412e-04
0; 1.710686e-02; 1.185995e-03; 1.887739e-04
0; 1.833468e-02; 1.271118e-03; 1.646324e-04
0; 1.965063e-02; 1.362350e-03; 1.435693e-04
0; 2.106102e-02; 1.460131e-03; 1.251933e-04
0; 2.257264e-02; 1.564930e-03; 1.091629e-04
0; 2.419276e-02; 1.677250e-03; 9.517979e-05
0; 2.592916e-02; 1.797632e-03; 8.298326e-05
0; 2.779018e-02; 1.926654e-03; 7.234582e-05
0; 2.978478e-02; 2.064937e-03; 6.306877e-05
0; 3.192254e-02; 2.213145e-03; 5.497866e-05
0; 3.421373e-02; 2.371990e-03; 4.792405e-05
0; 3.666936e-02; 2.542236e-03; 4.177275e-05
0; 3.930125e-02; 2.724701e-03; 3.640941e-05
0; 4.212204e-02; 2.920262e-03; 3.173334e-05
0; 4.514528e-02; 3.129859e-03; 2.765669e-05
0; 4.838552e-02; 3.354500e-03; 2.410280e-05
0; 5.185831e-02; 3.595264e-03; 2.100485e-05
0; 5.558036e-02; 3.853308e-03; 1.830426e-05
0; 5.956956e-02; 4.129874e-03; 1.595046e-05
0; 6.384507e-02; 4.426289e-03; 1.389883e-05
0; 6.842745e-02; 4.743979e-03; 1.211069e-05
0; 7.333873e-02; 5.084471e-03; 1.055227e-05
0; 7.860250e-02; 5.449401e-03; 9.194103e-06
0; 8.424408e-02; 5.840523e-03; 8.010511e-06
0; 9.029057e-02; 6.259718e-03; 6.979089e-06
0; 9.677103e-02; 6.709000e-03; 6.080305e-06
0; 1.037166e-01; 7.190528e-03; 5.297128e-06
0; 1.111607e-01; 7.706617e-03; 4.614710e-06
0; 1.191391e-01; 8.259748e-03; 4.020108e-06
0; 1.276901e-01; 8.852578e-03; 3.502037e-06
0; 1.368549e-01; 9.487958e-03; 3.050660e-06
0; 1.466775e-01; 1.016894e-02; 2.657402e-06
0; 1.572050e-01; 1.089880e-02; 2.314789e-06
0; 1.684882e-01; 1.168105e-02; 2.016306e-06
0; 1.805811e-01; 1.251944e-02; 1.756277e-06
0; 1.935421e-01; 1.341800e-02; 1.529752e-06
0; 2.074332e-01; 1.438106e-02; 1.332430e-06
0; 2.223215e-01; 1.541323e-02; 1.160497e-06
0; 2.382782e-01; 1.651950e-02; 1.010798e-06
0; 2.553803e-01; 1.770516e-02; 8.803506e-07
0; 2.737098e-01; 1.897592e-02; 7.667367e-07
0; 2.933549e-01; 2.033788e-02; 6.677748e-07
0; 3.144100e-01; 2.179760e-02; 5.815770e-07
0; 3.369763e-01; 2.336209e-02; 5.064985e-07
0; 3.611623e-01; 2.503887e-02; 4.411061e-07
0; 3.870841e-01; 2.683600e-02; 3.841512e-07
0; 4.148665e-01; 2.876211e-02; 3.345457e-07
0; 4.446429e-01; 3.082647e-02; 2.913422e-07
0; 4.765565e-01; 3.303899e-02; 2.537149e-07
0; 5.107606e-01; 3.541031e-02; 2.209446e-07
0; 5.474196e-01; 3.795183e-02; 1.924049e-07
0; 5.867098e-01; 4.067577e-02; 1.675499e-07
0; 6.288200e-01; 4.359521e-02; 1.459041e-07
0; 6.739526e-01; 4.672419e-02; 1.270534e-07
0; 7.223245e-01; 5.007774e-02; 1.106371e-07
0; 7.741683e-01; 5.367200e-02; 9.634100e-08
0; 8.297330e-01; 5.752422e-02; 8.389241e-08
0; 8.892858e-01; 6.165294e-02; 7.304841e-08
0; 9.531129e-01; 6.607798e-02; 6.360968e-08
0; 1.021521e+00; 7.082063e-02; 5.538783e-08
0; 1.094839e+00; 7.590367e-02; 4.822877e-08
0; 1.173420e+00; 8.135154e-02; 4.199472e-08
0; 1.257640e+00; 8.719042e-02; 3.656620e-08
0; 1.347905e+00; 9.344838e-02; 3.183919e-08
0; 1.444649e+00; 1.001555e-01; 2.772306e-08
0; 1.548337e+00; 1.073440e-01; 2.413889e-08
0; 1.659466e+00; 1.150484e-01; 2.101797e-08
0; 1.778572e+00; 1.233059e-01; 1.830043e-08
0; 1.906226e+00; 1.321560e-01; 1.593417e-08
0; 2.043042e+00; 1.416413e-01; 1.387378e-08
0; 2.189679e+00; 1.518073e-01; 1.207975e-08
0; 2.346839e+00; 1.627031e-01; 1.051765e-08
0; 2.515280e+00; 1.743808e-01; 1.814009e-09
0; 2.695810e+00; 1.868968e-01; 0.000000e+00
0; 2.889298e+00; 2.003110e-01; 0.000000e+00
0; 3.096673e+00; 2.146880e-01; 0.000000e+00
0; 3.318932e+00; 2.300969e-01; 0.000000e+00
0; 3.557143e+00; 2.466117e-01; 0.000000e+00
0; 3.812452e+00; 2.643119e-01; 0.000000e+00
0; 4.086085e+00; 2.832825e-01; 0.000000e+00
0; 4.379357e+00; 3.036147e-01; 0.000000e+00
0; 4.693679e+00; 3.254061e-01; 0.000000e+00
0; 5.030560e+00; 3.487617e-01; 0.000000e+00
0; 5.391621e+00; 3.737935e-01; 0.000000e+00
0; 5.778596e+00; 4.006220e-01; 0.000000e+00
0; 6.193346e+00; 4.293760e-01; 0.000000e+00
0; 6.637864e+00; 4.601938e-01; 0.000000e+00
0; 7.114286e+00; 4.932235e-01; 0.000000e+00
0; 7.624903e+00; 5.286238e-01; 0.000000e+00
0; 8.172169e+00; 5.665650e-01; 0.000000e+00
0; 8.758714e+00; 6.072293e-01; 0.000000e+00
0; 9.387357e+00; 6.508123e-01; 0.000000e+00
0; 1.006112e+01; 6.975233e-01; 0.000000e+00
0; 1.078324e+01; 7.475870e-01; 0.000000e+00
0; 1.155719e+01; 8.012439e-01; 0.000000e+00
0; 1.238669e+01; 8.587520e-01; 0.000000e+00
0; 1.327573e+01; 9.203876e-01; 0.000000e+00
0; 1.422857e+01; 9.864470e-01; 0.000000e+00
0; 1.524981e+01; 1.057248e+00; 0.000000e+00
0; 1.634434e+01; 1.133130e+00; 0.000000e+00
0; 1.751743e+01; 1.214459e+00; 0.000000e+00
0; 1.877471e+01; 1.301625e+00; 0.000000e+00
0; 2.012224e+01; 1.395047e+00; 0.000000e+00
0; 2.156648e+01; 1.495174e+00; 0.000000e+00
0; 2.311438e+01; 1.602488e+00; 0.000000e+00
0; 2.477338e+01; 1.717504e+00; 0.000000e+00
0; 2.655146e+01; 1.840775e+00; 0.000000e+00
0; 2.845715e+01; 1.972894e+00; 0.000000e+00
0; 3.049961e+01; 2.114495e+00; 0.000000e+00
0; 3.268868e+01; 2.266260e+00; 0.000000e+00
0; 3.503486e+01; 2.428917e+00; 0.000000e+00
0; 3.754943e+01; 2.603249e+00; 0.000000e+00
0; 4.024448e+01; 2.790093e+00; 0.000000e+00
0; 4.313297e+01; 2.990348e+00; 0.000000e+00
0; 4.622877e+01; 3.204976e+00; 0.000000e+00
0; 4.954677e+01; 3.435008e+00; 0.000000e+00
0; 5.310291e+01; 3.681550e+00; 6.400006e-09
